#
# There is insufficient memory for the Java Runtime Environment to continue.
# Native memory allocation (mmap) failed to map 65536 bytes for Failed to commit metaspace.
# Possible reasons:
#   The system is out of physical RAM or swap space
#   The process is running with CompressedOops enabled, and the Java Heap may be blocking the growth of the native heap
# Possible solutions:
#   Reduce memory load on the system
#   Increase physical memory or swap space
#   Check if swap backing store is full
#   Decrease Java heap size (-Xmx/-Xms)
#   Decrease number of Java threads
#   Decrease Java thread stack sizes (-Xss)
#   Set larger code cache with -XX:ReservedCodeCacheSize=
#   JVM is running with Unscaled Compressed Oops mode in which the Java heap is
#     placed in the first 4GB address space. The Java Heap base address is the
#     maximum limit for the native heap growth. Please use -XX:HeapBaseMinAddress
#     to set the Java Heap base and to place the Java Heap above 4GB virtual address.
# This output file may be truncated or incomplete.
#
#  Out of Memory Error (virtualSpaceNode.cpp:112), pid=9784, tid=6724
#
# JRE version: Java(TM) SE Runtime Environment (21.0.2+13) (build 21.0.2+13-LTS-58)
# Java VM: Java HotSpot(TM) 64-Bit Server VM (21.0.2+13-LTS-58, mixed mode, sharing, tiered, compressed oops, compressed class ptrs, g1 gc, windows-amd64)
# No core dump will be written. Minidumps are not enabled by default on client versions of Windows
#

---------------  S U M M A R Y ------------

Command Line: -Dfile.encoding=UTF-8 -Duser.country=ID -Duser.language=en -Duser.variant PV.App

Host: AMD Ryzen 5 5500U with Radeon Graphics         , 12 cores, 5G,  Windows 11 , 64 bit Build 22621 (10.0.22621.3374)
Time: Thu Apr 11 23:49:22 2024 SE Asia Standard Time elapsed time: 5.039961 seconds (0d 0h 0m 5s)

---------------  T H R E A D  ---------------

Current thread (0x000001dd7744b140):  JavaThread "main"             [_thread_in_vm, id=6724, stack(0x000000bc00800000,0x000000bc00900000) (1024K)]

Stack: [0x000000bc00800000,0x000000bc00900000]
Native frames: (J=compiled Java code, j=interpreted, Vv=VM code, C=native code)
V  [jvm.dll+0x6cade9]
V  [jvm.dll+0x8569c1]
V  [jvm.dll+0x858d2e]
V  [jvm.dll+0x859413]
V  [jvm.dll+0x280e56]
V  [jvm.dll+0x8526ee]
V  [jvm.dll+0x66e705]
V  [jvm.dll+0x66e76a]
V  [jvm.dll+0x670f96]
V  [jvm.dll+0x670e62]
V  [jvm.dll+0x66f0de]
V  [jvm.dll+0x680079]
V  [jvm.dll+0x67951e]
V  [jvm.dll+0x3d4471]
C  0x000001dd0f8dbbe2

The last pc belongs to method entry point (kind = zerolocals) (printed below).
Java frames: (J=compiled Java code, j=interpreted, Vv=VM code)
j  java.util.IdentityHashMap$KeySet.<init>(Ljava/util/IdentityHashMap;)V+0 java.base@21.0.2
j  java.util.IdentityHashMap.keySet()Ljava/util/Set;+14 java.base@21.0.2
j  java.util.Collections$SetFromMap.<init>(Ljava/util/Map;)V+11 java.base@21.0.2
j  java.util.Collections.newSetFromMap(Ljava/util/Map;)Ljava/util/Set;+25 java.base@21.0.2
j  java.lang.Throwable.lockedPrintStackTrace(Ljava/lang/Throwable$PrintStreamOrWriter;)V+7 java.base@21.0.2
j  java.lang.Throwable.printStackTrace(Ljava/lang/Throwable$PrintStreamOrWriter;)V+23 java.base@21.0.2
j  java.lang.Throwable.printStackTrace(Ljava/io/PrintStream;)V+9 java.base@21.0.2
j  java.lang.ThreadGroup.uncaughtException(Ljava/lang/Thread;Ljava/lang/Throwable;)V+75 java.base@21.0.2
j  java.lang.ThreadGroup.uncaughtException(Ljava/lang/Thread;Ljava/lang/Throwable;)V+13 java.base@21.0.2
j  java.lang.Thread.dispatchUncaughtException(Ljava/lang/Throwable;)V+6 java.base@21.0.2
v  ~StubRoutines::call_stub 0x000001dd0f8d100d
method entry point (kind = zerolocals)  [0x000001dd0f8dba00, 0x000001dd0f8dbdb8]  952 bytes
[MachCode]
  0x000001dd0f8dba00: 488b 5308 | 0fb7 4a2e | 0fb7 522c | 2bd1 81fa | f501 0000 | 0f86 2500 | 0000 488b | c248 c1e0 
  0x000001dd0f8dba20: 0348 83c0 | 5849 0387 | d004 0000 | 483b e00f | 870a 0000 | 0058 498b | e550 e941 | acff ff58 
  0x000001dd0f8dba40: 4c8d 74cc | f885 d20f | 8e09 0000 | 0068 0000 | 0000 ffca | 7ff7 5055 | 488b ec41 | 5568 0000 
  0x000001dd0f8dba60: 0000 4c8b | 6b08 4d8d | 6d38 5348 | 8b53 0848 | 8b52 0848 | 8b52 1848 | 8b52 7048 | 8b12 5248 
  0x000001dd0f8dba80: 8b53 1048 | 85d2 0f84 | 0700 0000 | 4881 c208 | 0100 0052 | 488b 5308 | 488b 5208 | 488b 5210 
  0x000001dd0f8dbaa0: 5249 8bc6 | 482b c548 | c1e8 0350 | 4155 6800 | 0000 0048 | 8924 2441 | c687 7904 | 0000 0148 
  0x000001dd0f8dbac0: 8b45 d848 | 85c0 0f84 | 8300 0000 | 8b48 fc85 | c90f 8878 | 0000 0048 | 03c1 488b | 4808 4883 
  0x000001dd0f8dbae0: e902 488b | 54c8 1048 | f7da 498b | 14d6 4885 | d275 0848 | 834c c818 | 01eb 4e8b | 5208 49ba 
  0x000001dd0f8dbb00: 0000 0018 | dd01 0000 | 4903 d248 | 3354 c818 | 48f7 c2fc | ffff ff74 | 30f6 c202 | 752b 4883 
  0x000001dd0f8dbb20: 7cc8 1800 | 741e 4883 | 7cc8 1801 | 7416 4833 | 54c8 1848 | f7c2 fcff | ffff 740d | 4883 4cc8 
  0x000001dd0f8dbb40: 1802 eb05 | 4889 54c8 | 1848 83e9 | 0279 9348 | 8b43 1048 | 85c0 7420 | 8b88 cc00 | 0000 83c1 
  0x000001dd0f8dbb60: 0289 88cc | 0000 0023 | 88e0 0000 | 000f 8496 | 0100 00e9 | cf00 0000 | 488b 4318 | 4885 c00f 
  0x000001dd0f8dbb80: 85b0 0000 | 00e8 0500 | 0000 e999 | 0000 0048 | 8bd3 488d | 4424 084c | 896d c049 | 8bcf c5f8 
  0x000001dd0f8dbba0: 7749 89af | a803 0000 | 4989 8798 | 0300 0048 | 83ec 2040 | f6c4 0f0f | 8419 0000 | 0048 83ec 
  0x000001dd0f8dbbc0: 0848 b850 | 44bd 7fff | 7f00 00ff | d048 83c4 | 08e9 0c00 | 0000 48b8 | 5044 bd7f | ff7f 0000 
  0x000001dd0f8dbbe0: ffd0 4883 | c420 49c7 | 8798 0300 | 0000 0000 | 0049 c787 | a803 0000 | 0000 0000 | 49c7 87a0 
  0x000001dd0f8dbc00: 0300 0000 | 0000 00c5 | f877 4983 | 7f08 000f | 8405 0000 | 00e9 e652 | ffff 4c8b | 6dc0 4c8b 
  0x000001dd0f8dbc20: 75c8 4e8d | 74f5 00c3 | 488b 4318 | 4885 c00f | 8412 0000 | 008b 4808 | 83c1 0289 | 4808 2348 
  0x000001dd0f8dbc40: 1c0f 84c2 | 0000 0049 | 3ba7 e804 | 0000 0f87 | 4800 0000 | 8984 2400 | f0ff ff89 | 8424 00e0 
  0x000001dd0f8dbc60: ffff 8984 | 2400 d0ff | ff89 8424 | 00c0 ffff | 8984 2400 | b0ff ff89 | 8424 00a0 | ffff 8984 
  0x000001dd0f8dbc80: 2400 90ff | ff89 8424 | 0080 ffff | 493b a7e0 | 0400 0076 | 0749 89a7 | e804 0000 | 41c6 8779 
  0x000001dd0f8dbca0: 0400 0000 | 49ba f945 | 4280 ff7f | 0000 4180 | 3a00 0f84 | 3e00 0000 | 488b 55e8 | 498b cf48 
  0x000001dd0f8dbcc0: 83ec 2040 | f6c4 0f0f | 8419 0000 | 0048 83ec | 0848 b840 | 09f3 7fff | 7f00 00ff | d048 83c4 
  0x000001dd0f8dbce0: 08e9 0c00 | 0000 48b8 | 4009 f37f | ff7f 0000 | ffd0 4883 | c420 410f | b65d 0049 | ba00 0f45 
  0x000001dd0f8dbd00: 80ff 7f00 | 0041 ff24 | daba 0000 | 0000 e805 | 0000 00e9 | 9600 0000 | 488d 4424 | 084c 896d 
  0x000001dd0f8dbd20: c049 8bcf | c5f8 7749 | 89af a803 | 0000 4989 | 8798 0300 | 0048 83ec | 2040 f6c4 | 0f0f 8419 
  0x000001dd0f8dbd40: 0000 0048 | 83ec 0848 | b8d0 4ebd | 7fff 7f00 | 00ff d048 | 83c4 08e9 | 0c00 0000 | 48b8 d04e 
  0x000001dd0f8dbd60: bd7f ff7f | 0000 ffd0 | 4883 c420 | 49c7 8798 | 0300 0000 | 0000 0049 | c787 a803 | 0000 0000 
  0x000001dd0f8dbd80: 0000 49c7 | 87a0 0300 | 0000 0000 | 00c5 f877 | 4983 7f08 | 000f 8405 | 0000 00e9 | 6051 ffff 
  0x000001dd0f8dbda0: 4c8b 6dc0 | 4c8b 75c8 | 4e8d 74f5 | 00c3 488b | 5de8 e990 | feff ff90 
[/MachCode]

---------------  P R O C E S S  ---------------

Threads class SMR info:
_java_thread_list=0x000001dd175bb300, length=11, elements={
0x000001dd7744b140, 0x000001dd7e6750b0, 0x000001dd7e675fd0, 0x000001dd7e678400,
0x000001dd7e67c310, 0x000001dd7e67cd70, 0x000001dd7e67dc60, 0x000001dd7e68a770,
0x000001dd7e68b340, 0x000001dd175e0b70, 0x000001dd175e39c0
}

Java Threads: ( => current thread )
=>0x000001dd7744b140 JavaThread "main"                              [_thread_in_vm, id=6724, stack(0x000000bc00800000,0x000000bc00900000) (1024K)]
  0x000001dd7e6750b0 JavaThread "Reference Handler"          daemon [_thread_blocked, id=27380, stack(0x000000bc01000000,0x000000bc01100000) (1024K)]
  0x000001dd7e675fd0 JavaThread "Finalizer"                  daemon [_thread_blocked, id=22952, stack(0x000000bc01100000,0x000000bc01200000) (1024K)]
  0x000001dd7e678400 JavaThread "Signal Dispatcher"          daemon [_thread_blocked, id=2040, stack(0x000000bc01200000,0x000000bc01300000) (1024K)]
  0x000001dd7e67c310 JavaThread "Attach Listener"            daemon [_thread_blocked, id=25348, stack(0x000000bc01300000,0x000000bc01400000) (1024K)]
  0x000001dd7e67cd70 JavaThread "Service Thread"             daemon [_thread_blocked, id=11436, stack(0x000000bc01400000,0x000000bc01500000) (1024K)]
  0x000001dd7e67dc60 JavaThread "Monitor Deflation Thread"   daemon [_thread_blocked, id=7384, stack(0x000000bc01500000,0x000000bc01600000) (1024K)]
  0x000001dd7e68a770 JavaThread "C2 CompilerThread0"         daemon [_thread_blocked, id=29912, stack(0x000000bc01600000,0x000000bc01700000) (1024K)]
  0x000001dd7e68b340 JavaThread "C1 CompilerThread0"         daemon [_thread_blocked, id=25856, stack(0x000000bc01700000,0x000000bc01800000) (1024K)]
  0x000001dd175e0b70 JavaThread "Notification Thread"        daemon [_thread_blocked, id=15316, stack(0x000000bc01800000,0x000000bc01900000) (1024K)]
  0x000001dd175e39c0 JavaThread "Common-Cleaner"             daemon [_thread_blocked, id=32912, stack(0x000000bc01900000,0x000000bc01a00000) (1024K)]
Total: 11

Other Threads:
  0x000001dd7e6596e0 VMThread "VM Thread"                           [id=9144, stack(0x000000bc00f00000,0x000000bc01000000) (1024K)]
  0x000001dd7e641aa0 WatcherThread "VM Periodic Task Thread"        [id=31596, stack(0x000000bc00e00000,0x000000bc00f00000) (1024K)]
  0x000001dd796bbe40 WorkerThread "GC Thread#0"                     [id=17212, stack(0x000000bc00900000,0x000000bc00a00000) (1024K)]
  0x000001dd796c8a60 ConcurrentGCThread "G1 Main Marker"            [id=29544, stack(0x000000bc00a00000,0x000000bc00b00000) (1024K)]
  0x000001dd796c9710 WorkerThread "G1 Conc#0"                       [id=3928, stack(0x000000bc00b00000,0x000000bc00c00000) (1024K)]
  0x000001dd7973e520 ConcurrentGCThread "G1 Refine#0"               [id=25756, stack(0x000000bc00c00000,0x000000bc00d00000) (1024K)]
  0x000001dd7e513ab0 ConcurrentGCThread "G1 Service"                [id=23532, stack(0x000000bc00d00000,0x000000bc00e00000) (1024K)]
Total: 7

Threads with active compile tasks:
Total: 0

VM state: not at safepoint (normal execution)

VM Mutex/Monitor currently owned by a thread:  ([mutex/lock_event])
[0x00007fff8043ace8] Metaspace_lock - owner thread: 0x000001dd7744b140

Heap address: 0x00000000a2200000, size: 1502 MB, Compressed Oops mode: 32-bit

CDS archive(s) mapped at: [0x000001dd18000000-0x000001dd18c90000-0x000001dd18c90000), size 13172736, SharedBaseAddress: 0x000001dd18000000, ArchiveRelocationMode: 1.
Compressed class space mapped at: 0x000001dd19000000-0x000001dd59000000, reserved size: 1073741824
Narrow klass base: 0x000001dd18000000, Narrow klass shift: 0, Narrow klass range: 0x100000000

GC Precious Log:
 CardTable entry size: 512
 Card Set container configuration: InlinePtr #cards 5 size 8 Array Of Cards #cards 12 size 40 Howl #buckets 4 coarsen threshold 1843 Howl Bitmap #cards 512 size 80 coarsen threshold 460 Card regions per heap region 1 cards per card region 2048
 CPUs: 12 total, 12 available
 Memory: 6005M
 Large Page Support: Disabled
 NUMA Support: Disabled
 Compressed Oops: Enabled (32-bit)
 Heap Region Size: 1M
 Heap Min Capacity: 8M
 Heap Initial Capacity: 94M
 Heap Max Capacity: 1502M
 Pre-touch: Disabled
 Parallel Workers: 10
 Concurrent Workers: 3
 Concurrent Refinement Workers: 10
 Periodic GC: Disabled

Heap:
 garbage-first heap   total 96256K, used 2048K [0x00000000a2200000, 0x0000000100000000)
  region size 1024K, 3 young (3072K), 0 survivors (0K)
 Metaspace       used 593K, committed 704K, reserved 1114112K
  class space    used 41K, committed 128K, reserved 1048576K

Heap Regions: E=young(eden), S=young(survivor), O=old, HS=humongous(starts), HC=humongous(continues), CS=collection set, F=free, TAMS=top-at-mark-start, PB=parsable bottom
|   0|0x00000000a2200000, 0x00000000a2200000, 0x00000000a2300000|  0%| F|  |TAMS 0x00000000a2200000| PB 0x00000000a2200000| Untracked 
|   1|0x00000000a2300000, 0x00000000a2300000, 0x00000000a2400000|  0%| F|  |TAMS 0x00000000a2300000| PB 0x00000000a2300000| Untracked 
|   2|0x00000000a2400000, 0x00000000a2400000, 0x00000000a2500000|  0%| F|  |TAMS 0x00000000a2400000| PB 0x00000000a2400000| Untracked 
|   3|0x00000000a2500000, 0x00000000a2500000, 0x00000000a2600000|  0%| F|  |TAMS 0x00000000a2500000| PB 0x00000000a2500000| Untracked 
|   4|0x00000000a2600000, 0x00000000a2600000, 0x00000000a2700000|  0%| F|  |TAMS 0x00000000a2600000| PB 0x00000000a2600000| Untracked 
|   5|0x00000000a2700000, 0x00000000a2700000, 0x00000000a2800000|  0%| F|  |TAMS 0x00000000a2700000| PB 0x00000000a2700000| Untracked 
|   6|0x00000000a2800000, 0x00000000a2800000, 0x00000000a2900000|  0%| F|  |TAMS 0x00000000a2800000| PB 0x00000000a2800000| Untracked 
|   7|0x00000000a2900000, 0x00000000a2900000, 0x00000000a2a00000|  0%| F|  |TAMS 0x00000000a2900000| PB 0x00000000a2900000| Untracked 
|   8|0x00000000a2a00000, 0x00000000a2a00000, 0x00000000a2b00000|  0%| F|  |TAMS 0x00000000a2a00000| PB 0x00000000a2a00000| Untracked 
|   9|0x00000000a2b00000, 0x00000000a2b00000, 0x00000000a2c00000|  0%| F|  |TAMS 0x00000000a2b00000| PB 0x00000000a2b00000| Untracked 
|  10|0x00000000a2c00000, 0x00000000a2c00000, 0x00000000a2d00000|  0%| F|  |TAMS 0x00000000a2c00000| PB 0x00000000a2c00000| Untracked 
|  11|0x00000000a2d00000, 0x00000000a2d00000, 0x00000000a2e00000|  0%| F|  |TAMS 0x00000000a2d00000| PB 0x00000000a2d00000| Untracked 
|  12|0x00000000a2e00000, 0x00000000a2e00000, 0x00000000a2f00000|  0%| F|  |TAMS 0x00000000a2e00000| PB 0x00000000a2e00000| Untracked 
|  13|0x00000000a2f00000, 0x00000000a2f00000, 0x00000000a3000000|  0%| F|  |TAMS 0x00000000a2f00000| PB 0x00000000a2f00000| Untracked 
|  14|0x00000000a3000000, 0x00000000a3000000, 0x00000000a3100000|  0%| F|  |TAMS 0x00000000a3000000| PB 0x00000000a3000000| Untracked 
|  15|0x00000000a3100000, 0x00000000a3100000, 0x00000000a3200000|  0%| F|  |TAMS 0x00000000a3100000| PB 0x00000000a3100000| Untracked 
|  16|0x00000000a3200000, 0x00000000a3200000, 0x00000000a3300000|  0%| F|  |TAMS 0x00000000a3200000| PB 0x00000000a3200000| Untracked 
|  17|0x00000000a3300000, 0x00000000a3300000, 0x00000000a3400000|  0%| F|  |TAMS 0x00000000a3300000| PB 0x00000000a3300000| Untracked 
|  18|0x00000000a3400000, 0x00000000a3400000, 0x00000000a3500000|  0%| F|  |TAMS 0x00000000a3400000| PB 0x00000000a3400000| Untracked 
|  19|0x00000000a3500000, 0x00000000a3500000, 0x00000000a3600000|  0%| F|  |TAMS 0x00000000a3500000| PB 0x00000000a3500000| Untracked 
|  20|0x00000000a3600000, 0x00000000a3600000, 0x00000000a3700000|  0%| F|  |TAMS 0x00000000a3600000| PB 0x00000000a3600000| Untracked 
|  21|0x00000000a3700000, 0x00000000a3700000, 0x00000000a3800000|  0%| F|  |TAMS 0x00000000a3700000| PB 0x00000000a3700000| Untracked 
|  22|0x00000000a3800000, 0x00000000a3800000, 0x00000000a3900000|  0%| F|  |TAMS 0x00000000a3800000| PB 0x00000000a3800000| Untracked 
|  23|0x00000000a3900000, 0x00000000a3900000, 0x00000000a3a00000|  0%| F|  |TAMS 0x00000000a3900000| PB 0x00000000a3900000| Untracked 
|  24|0x00000000a3a00000, 0x00000000a3a00000, 0x00000000a3b00000|  0%| F|  |TAMS 0x00000000a3a00000| PB 0x00000000a3a00000| Untracked 
|  25|0x00000000a3b00000, 0x00000000a3b00000, 0x00000000a3c00000|  0%| F|  |TAMS 0x00000000a3b00000| PB 0x00000000a3b00000| Untracked 
|  26|0x00000000a3c00000, 0x00000000a3c00000, 0x00000000a3d00000|  0%| F|  |TAMS 0x00000000a3c00000| PB 0x00000000a3c00000| Untracked 
|  27|0x00000000a3d00000, 0x00000000a3d00000, 0x00000000a3e00000|  0%| F|  |TAMS 0x00000000a3d00000| PB 0x00000000a3d00000| Untracked 
|  28|0x00000000a3e00000, 0x00000000a3e00000, 0x00000000a3f00000|  0%| F|  |TAMS 0x00000000a3e00000| PB 0x00000000a3e00000| Untracked 
|  29|0x00000000a3f00000, 0x00000000a3f00000, 0x00000000a4000000|  0%| F|  |TAMS 0x00000000a3f00000| PB 0x00000000a3f00000| Untracked 
|  30|0x00000000a4000000, 0x00000000a4000000, 0x00000000a4100000|  0%| F|  |TAMS 0x00000000a4000000| PB 0x00000000a4000000| Untracked 
|  31|0x00000000a4100000, 0x00000000a4100000, 0x00000000a4200000|  0%| F|  |TAMS 0x00000000a4100000| PB 0x00000000a4100000| Untracked 
|  32|0x00000000a4200000, 0x00000000a4200000, 0x00000000a4300000|  0%| F|  |TAMS 0x00000000a4200000| PB 0x00000000a4200000| Untracked 
|  33|0x00000000a4300000, 0x00000000a4300000, 0x00000000a4400000|  0%| F|  |TAMS 0x00000000a4300000| PB 0x00000000a4300000| Untracked 
|  34|0x00000000a4400000, 0x00000000a4400000, 0x00000000a4500000|  0%| F|  |TAMS 0x00000000a4400000| PB 0x00000000a4400000| Untracked 
|  35|0x00000000a4500000, 0x00000000a4500000, 0x00000000a4600000|  0%| F|  |TAMS 0x00000000a4500000| PB 0x00000000a4500000| Untracked 
|  36|0x00000000a4600000, 0x00000000a4600000, 0x00000000a4700000|  0%| F|  |TAMS 0x00000000a4600000| PB 0x00000000a4600000| Untracked 
|  37|0x00000000a4700000, 0x00000000a4700000, 0x00000000a4800000|  0%| F|  |TAMS 0x00000000a4700000| PB 0x00000000a4700000| Untracked 
|  38|0x00000000a4800000, 0x00000000a4800000, 0x00000000a4900000|  0%| F|  |TAMS 0x00000000a4800000| PB 0x00000000a4800000| Untracked 
|  39|0x00000000a4900000, 0x00000000a4900000, 0x00000000a4a00000|  0%| F|  |TAMS 0x00000000a4900000| PB 0x00000000a4900000| Untracked 
|  40|0x00000000a4a00000, 0x00000000a4a00000, 0x00000000a4b00000|  0%| F|  |TAMS 0x00000000a4a00000| PB 0x00000000a4a00000| Untracked 
|  41|0x00000000a4b00000, 0x00000000a4b00000, 0x00000000a4c00000|  0%| F|  |TAMS 0x00000000a4b00000| PB 0x00000000a4b00000| Untracked 
|  42|0x00000000a4c00000, 0x00000000a4c00000, 0x00000000a4d00000|  0%| F|  |TAMS 0x00000000a4c00000| PB 0x00000000a4c00000| Untracked 
|  43|0x00000000a4d00000, 0x00000000a4d00000, 0x00000000a4e00000|  0%| F|  |TAMS 0x00000000a4d00000| PB 0x00000000a4d00000| Untracked 
|  44|0x00000000a4e00000, 0x00000000a4e00000, 0x00000000a4f00000|  0%| F|  |TAMS 0x00000000a4e00000| PB 0x00000000a4e00000| Untracked 
|  45|0x00000000a4f00000, 0x00000000a4f00000, 0x00000000a5000000|  0%| F|  |TAMS 0x00000000a4f00000| PB 0x00000000a4f00000| Untracked 
|  46|0x00000000a5000000, 0x00000000a5000000, 0x00000000a5100000|  0%| F|  |TAMS 0x00000000a5000000| PB 0x00000000a5000000| Untracked 
|  47|0x00000000a5100000, 0x00000000a5100000, 0x00000000a5200000|  0%| F|  |TAMS 0x00000000a5100000| PB 0x00000000a5100000| Untracked 
|  48|0x00000000a5200000, 0x00000000a5200000, 0x00000000a5300000|  0%| F|  |TAMS 0x00000000a5200000| PB 0x00000000a5200000| Untracked 
|  49|0x00000000a5300000, 0x00000000a5300000, 0x00000000a5400000|  0%| F|  |TAMS 0x00000000a5300000| PB 0x00000000a5300000| Untracked 
|  50|0x00000000a5400000, 0x00000000a5400000, 0x00000000a5500000|  0%| F|  |TAMS 0x00000000a5400000| PB 0x00000000a5400000| Untracked 
|  51|0x00000000a5500000, 0x00000000a5500000, 0x00000000a5600000|  0%| F|  |TAMS 0x00000000a5500000| PB 0x00000000a5500000| Untracked 
|  52|0x00000000a5600000, 0x00000000a5600000, 0x00000000a5700000|  0%| F|  |TAMS 0x00000000a5600000| PB 0x00000000a5600000| Untracked 
|  53|0x00000000a5700000, 0x00000000a5700000, 0x00000000a5800000|  0%| F|  |TAMS 0x00000000a5700000| PB 0x00000000a5700000| Untracked 
|  54|0x00000000a5800000, 0x00000000a5800000, 0x00000000a5900000|  0%| F|  |TAMS 0x00000000a5800000| PB 0x00000000a5800000| Untracked 
|  55|0x00000000a5900000, 0x00000000a5900000, 0x00000000a5a00000|  0%| F|  |TAMS 0x00000000a5900000| PB 0x00000000a5900000| Untracked 
|  56|0x00000000a5a00000, 0x00000000a5a00000, 0x00000000a5b00000|  0%| F|  |TAMS 0x00000000a5a00000| PB 0x00000000a5a00000| Untracked 
|  57|0x00000000a5b00000, 0x00000000a5b00000, 0x00000000a5c00000|  0%| F|  |TAMS 0x00000000a5b00000| PB 0x00000000a5b00000| Untracked 
|  58|0x00000000a5c00000, 0x00000000a5c00000, 0x00000000a5d00000|  0%| F|  |TAMS 0x00000000a5c00000| PB 0x00000000a5c00000| Untracked 
|  59|0x00000000a5d00000, 0x00000000a5d00000, 0x00000000a5e00000|  0%| F|  |TAMS 0x00000000a5d00000| PB 0x00000000a5d00000| Untracked 
|  60|0x00000000a5e00000, 0x00000000a5e00000, 0x00000000a5f00000|  0%| F|  |TAMS 0x00000000a5e00000| PB 0x00000000a5e00000| Untracked 
|  61|0x00000000a5f00000, 0x00000000a5f00000, 0x00000000a6000000|  0%| F|  |TAMS 0x00000000a5f00000| PB 0x00000000a5f00000| Untracked 
|  62|0x00000000a6000000, 0x00000000a6000000, 0x00000000a6100000|  0%| F|  |TAMS 0x00000000a6000000| PB 0x00000000a6000000| Untracked 
|  63|0x00000000a6100000, 0x00000000a6100000, 0x00000000a6200000|  0%| F|  |TAMS 0x00000000a6100000| PB 0x00000000a6100000| Untracked 
|  64|0x00000000a6200000, 0x00000000a6200000, 0x00000000a6300000|  0%| F|  |TAMS 0x00000000a6200000| PB 0x00000000a6200000| Untracked 
|  65|0x00000000a6300000, 0x00000000a6300000, 0x00000000a6400000|  0%| F|  |TAMS 0x00000000a6300000| PB 0x00000000a6300000| Untracked 
|  66|0x00000000a6400000, 0x00000000a6400000, 0x00000000a6500000|  0%| F|  |TAMS 0x00000000a6400000| PB 0x00000000a6400000| Untracked 
|  67|0x00000000a6500000, 0x00000000a6500000, 0x00000000a6600000|  0%| F|  |TAMS 0x00000000a6500000| PB 0x00000000a6500000| Untracked 
|  68|0x00000000a6600000, 0x00000000a6600000, 0x00000000a6700000|  0%| F|  |TAMS 0x00000000a6600000| PB 0x00000000a6600000| Untracked 
|  69|0x00000000a6700000, 0x00000000a6700000, 0x00000000a6800000|  0%| F|  |TAMS 0x00000000a6700000| PB 0x00000000a6700000| Untracked 
|  70|0x00000000a6800000, 0x00000000a6800000, 0x00000000a6900000|  0%| F|  |TAMS 0x00000000a6800000| PB 0x00000000a6800000| Untracked 
|  71|0x00000000a6900000, 0x00000000a6900000, 0x00000000a6a00000|  0%| F|  |TAMS 0x00000000a6900000| PB 0x00000000a6900000| Untracked 
|  72|0x00000000a6a00000, 0x00000000a6a00000, 0x00000000a6b00000|  0%| F|  |TAMS 0x00000000a6a00000| PB 0x00000000a6a00000| Untracked 
|  73|0x00000000a6b00000, 0x00000000a6b00000, 0x00000000a6c00000|  0%| F|  |TAMS 0x00000000a6b00000| PB 0x00000000a6b00000| Untracked 
|  74|0x00000000a6c00000, 0x00000000a6c00000, 0x00000000a6d00000|  0%| F|  |TAMS 0x00000000a6c00000| PB 0x00000000a6c00000| Untracked 
|  75|0x00000000a6d00000, 0x00000000a6d00000, 0x00000000a6e00000|  0%| F|  |TAMS 0x00000000a6d00000| PB 0x00000000a6d00000| Untracked 
|  76|0x00000000a6e00000, 0x00000000a6e00000, 0x00000000a6f00000|  0%| F|  |TAMS 0x00000000a6e00000| PB 0x00000000a6e00000| Untracked 
|  77|0x00000000a6f00000, 0x00000000a6f00000, 0x00000000a7000000|  0%| F|  |TAMS 0x00000000a6f00000| PB 0x00000000a6f00000| Untracked 
|  78|0x00000000a7000000, 0x00000000a7000000, 0x00000000a7100000|  0%| F|  |TAMS 0x00000000a7000000| PB 0x00000000a7000000| Untracked 
|  79|0x00000000a7100000, 0x00000000a7100000, 0x00000000a7200000|  0%| F|  |TAMS 0x00000000a7100000| PB 0x00000000a7100000| Untracked 
|  80|0x00000000a7200000, 0x00000000a7200000, 0x00000000a7300000|  0%| F|  |TAMS 0x00000000a7200000| PB 0x00000000a7200000| Untracked 
|  81|0x00000000a7300000, 0x00000000a7300000, 0x00000000a7400000|  0%| F|  |TAMS 0x00000000a7300000| PB 0x00000000a7300000| Untracked 
|  82|0x00000000a7400000, 0x00000000a7400000, 0x00000000a7500000|  0%| F|  |TAMS 0x00000000a7400000| PB 0x00000000a7400000| Untracked 
|  83|0x00000000a7500000, 0x00000000a7500000, 0x00000000a7600000|  0%| F|  |TAMS 0x00000000a7500000| PB 0x00000000a7500000| Untracked 
|  84|0x00000000a7600000, 0x00000000a7600000, 0x00000000a7700000|  0%| F|  |TAMS 0x00000000a7600000| PB 0x00000000a7600000| Untracked 
|  85|0x00000000a7700000, 0x00000000a7700000, 0x00000000a7800000|  0%| F|  |TAMS 0x00000000a7700000| PB 0x00000000a7700000| Untracked 
|  86|0x00000000a7800000, 0x00000000a7800000, 0x00000000a7900000|  0%| F|  |TAMS 0x00000000a7800000| PB 0x00000000a7800000| Untracked 
|  87|0x00000000a7900000, 0x00000000a7900000, 0x00000000a7a00000|  0%| F|  |TAMS 0x00000000a7900000| PB 0x00000000a7900000| Untracked 
|  88|0x00000000a7a00000, 0x00000000a7a00000, 0x00000000a7b00000|  0%| F|  |TAMS 0x00000000a7a00000| PB 0x00000000a7a00000| Untracked 
|  89|0x00000000a7b00000, 0x00000000a7b00000, 0x00000000a7c00000|  0%| F|  |TAMS 0x00000000a7b00000| PB 0x00000000a7b00000| Untracked 
|  90|0x00000000a7c00000, 0x00000000a7c00000, 0x00000000a7d00000|  0%| F|  |TAMS 0x00000000a7c00000| PB 0x00000000a7c00000| Untracked 
|  91|0x00000000a7d00000, 0x00000000a7dec478, 0x00000000a7e00000| 92%| E|  |TAMS 0x00000000a7d00000| PB 0x00000000a7d00000| Complete 
|  92|0x00000000a7e00000, 0x00000000a7f00000, 0x00000000a7f00000|100%| E|CS|TAMS 0x00000000a7e00000| PB 0x00000000a7e00000| Complete 
|  93|0x00000000a7f00000, 0x00000000a8000000, 0x00000000a8000000|100%| E|CS|TAMS 0x00000000a7f00000| PB 0x00000000a7f00000| Complete 

Card table byte_map: [0x000001dd79fa0000,0x000001dd7a290000] _byte_map_base: 0x000001dd79a8f000

Marking Bits: (CMBitMap*) 0x000001dd796bc540
 Bits: [0x000001dd7a290000, 0x000001dd7ba08000)

Polling page: 0x000001dd78e40000

Metaspace:

Usage:
  Non-class:    551.90 KB used.
      Class:     41.66 KB used.
       Both:    593.55 KB used.

Virtual space:
  Non-class space:       64.00 MB reserved,     576.00 KB ( <1%) committed,  1 nodes.
      Class space:        1.00 GB reserved,     128.00 KB ( <1%) committed,  1 nodes.
             Both:        1.06 GB reserved,     704.00 KB ( <1%) committed. 

Chunk freelists:
   Non-Class:  11.94 MB
       Class:  15.72 MB
        Both:  27.67 MB

MaxMetaspaceSize: unlimited
CompressedClassSpaceSize: 1.00 GB
Initial GC threshold: 21.00 MB
Current GC threshold: 21.00 MB
CDS: on
 - commit_granule_bytes: 65536.
 - commit_granule_words: 8192.
 - virtual_space_node_default_size: 8388608.
 - enlarge_chunks_in_place: 1.
 - use_allocation_guard: 0.


Internal statistics:

num_allocs_failed_limit: 0.
num_arena_births: 40.
num_arena_deaths: 0.
num_vsnodes_births: 2.
num_vsnodes_deaths: 0.
num_space_committed: 11.
num_space_uncommitted: 0.
num_chunks_returned_to_freelist: 0.
num_chunks_taken_from_freelist: 47.
num_chunk_merges: 0.
num_chunk_splits: 30.
num_chunks_enlarged: 16.
num_inconsistent_stats: 0.

CodeHeap 'non-profiled nmethods': size=120000Kb used=97Kb max_used=97Kb free=119902Kb
 bounds [0x000001dd0fe70000, 0x000001dd100e0000, 0x000001dd173a0000]
CodeHeap 'profiled nmethods': size=120000Kb used=362Kb max_used=362Kb free=119638Kb
 bounds [0x000001dd083a0000, 0x000001dd08610000, 0x000001dd0f8d0000]
CodeHeap 'non-nmethods': size=5760Kb used=1270Kb max_used=1279Kb free=4489Kb
 bounds [0x000001dd0f8d0000, 0x000001dd0fb40000, 0x000001dd0fe70000]
 total_blobs=695 nmethods=305 adapters=295
 compilation: enabled
              stopped_count=0, restarted_count=0
 full_count=0

Compilation events (20 events):
Event: 0.137 Thread 0x000001dd7e68b340  292       3       jdk.internal.org.objectweb.asm.Frame::push (109 bytes)
Event: 0.138 Thread 0x000001dd7e68b340 nmethod 292 0x000001dd083ed890 code [0x000001dd083eda60, 0x000001dd083edfc8]
Event: 0.138 Thread 0x000001dd7e68b340  293       3       java.lang.invoke.MemberName::getReferenceKind (12 bytes)
Event: 0.138 Thread 0x000001dd7e68b340 nmethod 293 0x000001dd083ee190 code [0x000001dd083ee320, 0x000001dd083ee438]
Event: 0.138 Thread 0x000001dd7e68b340  294       1       java.lang.invoke.LambdaForm$BasicType::basicTypeClass (5 bytes)
Event: 0.138 Thread 0x000001dd7e68b340 nmethod 294 0x000001dd0fe87890 code [0x000001dd0fe87a20, 0x000001dd0fe87ae8]
Event: 0.138 Thread 0x000001dd7e68b340  296       3       java.lang.invoke.MethodType::parameterSlotCount (8 bytes)
Event: 0.138 Thread 0x000001dd7e68b340 nmethod 296 0x000001dd083ee510 code [0x000001dd083ee6a0, 0x000001dd083ee7d0]
Event: 0.138 Thread 0x000001dd7e68b340  297       3       java.lang.invoke.LambdaForm$NamedFunction::methodType (28 bytes)
Event: 0.139 Thread 0x000001dd7e68b340 nmethod 297 0x000001dd083ee890 code [0x000001dd083eea60, 0x000001dd083eed80]
Event: 0.139 Thread 0x000001dd7e68b340  298       3       java.util.Arrays::copyOf (40 bytes)
Event: 0.139 Thread 0x000001dd7e68b340 nmethod 298 0x000001dd083eee90 code [0x000001dd083ef0a0, 0x000001dd083ef770]
Event: 0.139 Thread 0x000001dd7e68b340  301       3       jdk.internal.org.objectweb.asm.Frame::execute (2305 bytes)
Event: 0.143 Thread 0x000001dd7e68b340 nmethod 301 0x000001dd083ef990 code [0x000001dd083f07c0, 0x000001dd083f6f28]
Event: 0.143 Thread 0x000001dd7e68b340  305       3       java.lang.StringBuilder::length (5 bytes)
Event: 0.143 Thread 0x000001dd7e68b340 nmethod 305 0x000001dd083f8b90 code [0x000001dd083f8d20, 0x000001dd083f8e40]
Event: 0.143 Thread 0x000001dd7e68b340  300       3       java.lang.invoke.MemberName::getMethodOrFieldType (72 bytes)
Event: 0.144 Thread 0x000001dd7e68b340 nmethod 300 0x000001dd083f8f10 code [0x000001dd083f9260, 0x000001dd083fa040]
Event: 0.144 Thread 0x000001dd7e68b340  304       3       java.lang.invoke.MemberName::flagsMods (45 bytes)
Event: 0.144 Thread 0x000001dd7e68b340 nmethod 304 0x000001dd083fa510 code [0x000001dd083fa6a0, 0x000001dd083fa7a8]

GC Heap History (0 events):
No events

Dll operation events (3 events):
Event: 0.013 Loaded shared library C:\Program Files\Java\jdk-21\bin\java.dll
Event: 0.048 Loaded shared library C:\Program Files\Java\jdk-21\bin\jsvml.dll
Event: 0.104 Loaded shared library C:\Program Files\Java\jdk-21\bin\jimage.dll

Deoptimization events (0 events):
No events

Classes loaded (20 events):
Event: 0.112 Loading class sun/util/locale/provider/BaseLocaleDataMetaInfo
Event: 0.112 Loading class sun/util/locale/provider/BaseLocaleDataMetaInfo done
Event: 0.115 Loading class sun/util/resources/LocaleData$CommonResourceBundleProvider
Event: 0.115 Loading class sun/util/resources/LocaleData$LocaleDataResourceBundleProvider
Event: 0.115 Loading class java/util/spi/ResourceBundleProvider
Event: 0.115 Loading class java/util/spi/ResourceBundleProvider done
Event: 0.115 Loading class sun/util/resources/LocaleData$LocaleDataResourceBundleProvider done
Event: 0.115 Loading class sun/util/resources/LocaleData$CommonResourceBundleProvider done
Event: 0.116 Loading class sun/text/resources/cldr/FormatData_en
Event: 0.116 Loading class sun/text/resources/cldr/FormatData_en done
Event: 5.034 Loading class java/util/NoSuchElementException
Event: 5.035 Loading class java/util/NoSuchElementException done
Event: 5.037 Loading class java/io/IOException
Event: 5.037 Loading class java/io/IOException done
Event: 5.037 Loading class java/io/InterruptedIOException
Event: 5.038 Loading class java/io/InterruptedIOException done
Event: 5.038 Loading class java/lang/Throwable$WrappedPrintStream
Event: 5.038 Loading class java/lang/Throwable$PrintStreamOrWriter
Event: 5.038 Loading class java/lang/Throwable$PrintStreamOrWriter done
Event: 5.038 Loading class java/lang/Throwable$WrappedPrintStream done

Classes unloaded (0 events):
No events

Classes redefined (0 events):
No events

Internal exceptions (1 events):
Event: 5.037 Thread 0x000001dd7744b140 Exception <a 'java/io/IOException'{0x00000000a7d9fb40}> (0x00000000a7d9fb40) 
thrown [s\open\src\hotspot\share\prims\jni.cpp, line 520]

ZGC Phase Switch (0 events):
No events

VM Operations (2 events):
Event: 1.045 Executing VM operation: Cleanup
Event: 1.046 Executing VM operation: Cleanup done

Events (11 events):
Event: 0.031 Thread 0x000001dd7744b140 Thread added: 0x000001dd7744b140
Event: 0.046 Thread 0x000001dd7e6750b0 Thread added: 0x000001dd7e6750b0
Event: 0.046 Thread 0x000001dd7e675fd0 Thread added: 0x000001dd7e675fd0
Event: 0.046 Thread 0x000001dd7e678400 Thread added: 0x000001dd7e678400
Event: 0.046 Thread 0x000001dd7e67c310 Thread added: 0x000001dd7e67c310
Event: 0.047 Thread 0x000001dd7e67cd70 Thread added: 0x000001dd7e67cd70
Event: 0.047 Thread 0x000001dd7e67dc60 Thread added: 0x000001dd7e67dc60
Event: 0.047 Thread 0x000001dd7e68a770 Thread added: 0x000001dd7e68a770
Event: 0.047 Thread 0x000001dd7e68b340 Thread added: 0x000001dd7e68b340
Event: 0.065 Thread 0x000001dd175e0b70 Thread added: 0x000001dd175e0b70
Event: 0.069 Thread 0x000001dd175e39c0 Thread added: 0x000001dd175e39c0


Dynamic libraries:
0x00007ff73f750000 - 0x00007ff73f760000 	C:\Program Files\Java\jdk-21\bin\java.exe
0x00007fffe7090000 - 0x00007fffe72a6000 	C:\WINDOWS\SYSTEM32\ntdll.dll
0x00007fffe6bf0000 - 0x00007fffe6cb4000 	C:\WINDOWS\System32\KERNEL32.DLL
0x00007fffe48f0000 - 0x00007fffe4c97000 	C:\WINDOWS\System32\KERNELBASE.dll
0x00007fffe4710000 - 0x00007fffe4821000 	C:\WINDOWS\System32\ucrtbase.dll
0x00007fffd6b40000 - 0x00007fffd6b5b000 	C:\Program Files\Java\jdk-21\bin\VCRUNTIME140.dll
0x00007fffc4190000 - 0x00007fffc41a9000 	C:\Program Files\Java\jdk-21\bin\jli.dll
0x00007fffe5d50000 - 0x00007fffe5e02000 	C:\WINDOWS\System32\ADVAPI32.dll
0x00007fffe6590000 - 0x00007fffe6637000 	C:\WINDOWS\System32\msvcrt.dll
0x00007fffe62a0000 - 0x00007fffe6348000 	C:\WINDOWS\System32\sechost.dll
0x00007fffe4450000 - 0x00007fffe4478000 	C:\WINDOWS\System32\bcrypt.dll
0x00007fffe5080000 - 0x00007fffe5195000 	C:\WINDOWS\System32\RPCRT4.dll
0x00007fffe6d00000 - 0x00007fffe6eae000 	C:\WINDOWS\System32\USER32.dll
0x00007fffe4500000 - 0x00007fffe4526000 	C:\WINDOWS\System32\win32u.dll
0x00007fffe6fa0000 - 0x00007fffe6fc9000 	C:\WINDOWS\System32\GDI32.dll
0x00007fffca110000 - 0x00007fffca3a3000 	C:\WINDOWS\WinSxS\amd64_microsoft.windows.common-controls_6595b64144ccf1df_6.0.22621.3235_none_270f74e173860f98\COMCTL32.dll
0x00007fffe4ca0000 - 0x00007fffe4db9000 	C:\WINDOWS\System32\gdi32full.dll
0x00007fffe43b0000 - 0x00007fffe444a000 	C:\WINDOWS\System32\msvcp_win.dll
0x00007fffd93c0000 - 0x00007fffd93ca000 	C:\WINDOWS\SYSTEM32\VERSION.dll
0x00007fffe6cc0000 - 0x00007fffe6cf1000 	C:\WINDOWS\System32\IMM32.DLL
0x00007fffdddf0000 - 0x00007fffdddfc000 	C:\Program Files\Java\jdk-21\bin\vcruntime140_1.dll
0x00007fffbb9f0000 - 0x00007fffbba7e000 	C:\Program Files\Java\jdk-21\bin\msvcp140.dll
0x00007fff7f800000 - 0x00007fff80517000 	C:\Program Files\Java\jdk-21\bin\server\jvm.dll
0x00007fffe6fd0000 - 0x00007fffe7041000 	C:\WINDOWS\System32\WS2_32.dll
0x00007fffe40d0000 - 0x00007fffe411d000 	C:\WINDOWS\SYSTEM32\POWRPROF.dll
0x00007fffdb880000 - 0x00007fffdb8b4000 	C:\WINDOWS\SYSTEM32\WINMM.dll
0x00007fffe40b0000 - 0x00007fffe40c3000 	C:\WINDOWS\SYSTEM32\UMPDC.dll
0x00007fffe33d0000 - 0x00007fffe33e8000 	C:\WINDOWS\SYSTEM32\kernel.appcore.dll
0x00007fffd4540000 - 0x00007fffd454a000 	C:\Program Files\Java\jdk-21\bin\jimage.dll
0x00007fffe1570000 - 0x00007fffe17a3000 	C:\WINDOWS\SYSTEM32\DBGHELP.DLL
0x00007fffe5f10000 - 0x00007fffe6298000 	C:\WINDOWS\System32\combase.dll
0x00007fffe5e30000 - 0x00007fffe5f07000 	C:\WINDOWS\System32\OLEAUT32.dll
0x00007fffd17c0000 - 0x00007fffd17f2000 	C:\WINDOWS\SYSTEM32\dbgcore.DLL
0x00007fffe4480000 - 0x00007fffe44f9000 	C:\WINDOWS\System32\bcryptPrimitives.dll
0x00007fffd4860000 - 0x00007fffd487f000 	C:\Program Files\Java\jdk-21\bin\java.dll
0x00007fffe53f0000 - 0x00007fffe5c4c000 	C:\WINDOWS\System32\SHELL32.dll
0x00007fffe22e0000 - 0x00007fffe2bd9000 	C:\WINDOWS\SYSTEM32\windows.storage.dll
0x00007fffe21a0000 - 0x00007fffe22de000 	C:\WINDOWS\SYSTEM32\wintypes.dll
0x00007fffe4dc0000 - 0x00007fffe4eb3000 	C:\WINDOWS\System32\SHCORE.dll
0x00007fffe4ec0000 - 0x00007fffe4f1e000 	C:\WINDOWS\System32\shlwapi.dll
0x00007fffe42e0000 - 0x00007fffe4301000 	C:\WINDOWS\SYSTEM32\profapi.dll
0x00007fffc5db0000 - 0x00007fffc5e87000 	C:\Program Files\Java\jdk-21\bin\jsvml.dll

dbghelp: loaded successfully - version: 4.0.5 - missing functions: none
symbol engine: initialized successfully - sym options: 0x614 - pdb path: .;C:\Program Files\Java\jdk-21\bin;C:\WINDOWS\SYSTEM32;C:\WINDOWS\WinSxS\amd64_microsoft.windows.common-controls_6595b64144ccf1df_6.0.22621.3235_none_270f74e173860f98;C:\Program Files\Java\jdk-21\bin\server

VM Arguments:
jvm_args: -Dfile.encoding=UTF-8 -Duser.country=ID -Duser.language=en -Duser.variant 
java_command: PV.App
java_class_path (initial): C:\Users\Wibowo\OneDrive\Dokumen\Kuliah\Semester 4\PBO\PasswordVault\app\build\classes\java\main;C:\Users\Wibowo\OneDrive\Dokumen\Kuliah\Semester 4\PBO\PasswordVault\app\build\resources\main;C:\Users\Wibowo\.gradle\caches\modules-2\files-2.1\com.google.guava\guava\32.1.3-jre\f306708742ce2bf0fb0901216183bc14073feae\guava-32.1.3-jre.jar;C:\Users\Wibowo\.gradle\caches\modules-2\files-2.1\com.google.guava\failureaccess\1.0.1\1dcf1de382a0bf95a3d8b0849546c88bac1292c9\failureaccess-1.0.1.jar;C:\Users\Wibowo\.gradle\caches\modules-2\files-2.1\com.google.guava\listenablefuture\9999.0-empty-to-avoid-conflict-with-guava\b421526c5f297295adef1c886e5246c39d4ac629\listenablefuture-9999.0-empty-to-avoid-conflict-with-guava.jar;C:\Users\Wibowo\.gradle\caches\modules-2\files-2.1\com.google.code.findbugs\jsr305\3.0.2\25ea2e8b0c338a877313bd4672d3fe056ea78f0d\jsr305-3.0.2.jar;C:\Users\Wibowo\.gradle\caches\modules-2\files-2.1\org.checkerframework\checker-qual\3.37.0\ba74746d38026581c12166e164bb3c15e90cc4ea\checker-qual-3.37.0.jar;C:\Users\Wibowo\.gradle\caches\modules-2\files-2.1\com.google.errorprone\error_prone_annotations\2.21.1\6d9b10773b5237df178a7b3c1b4208df7d0e7f94\error_prone_annotations-2.21.1.jar
Launcher Type: SUN_STANDARD

[Global flags]
     intx CICompilerCount                          = 4                                         {product} {ergonomic}
     uint ConcGCThreads                            = 3                                         {product} {ergonomic}
     uint G1ConcRefinementThreads                  = 10                                        {product} {ergonomic}
   size_t G1HeapRegionSize                         = 1048576                                   {product} {ergonomic}
    uintx GCDrainStackTargetSize                   = 64                                        {product} {ergonomic}
   size_t InitialHeapSize                          = 98566144                                  {product} {ergonomic}
   size_t MarkStackSize                            = 4194304                                   {product} {ergonomic}
   size_t MaxHeapSize                              = 1574961152                                {product} {ergonomic}
   size_t MaxNewSize                               = 944766976                                 {product} {ergonomic}
   size_t MinHeapDeltaBytes                        = 1048576                                   {product} {ergonomic}
   size_t MinHeapSize                              = 8388608                                   {product} {ergonomic}
    uintx NonNMethodCodeHeapSize                   = 5839372                                {pd product} {ergonomic}
    uintx NonProfiledCodeHeapSize                  = 122909434                              {pd product} {ergonomic}
    uintx ProfiledCodeHeapSize                     = 122909434                              {pd product} {ergonomic}
    uintx ReservedCodeCacheSize                    = 251658240                              {pd product} {ergonomic}
     bool SegmentedCodeCache                       = true                                      {product} {ergonomic}
   size_t SoftMaxHeapSize                          = 1574961152                             {manageable} {ergonomic}
     bool UseCompressedOops                        = true                           {product lp64_product} {ergonomic}
     bool UseG1GC                                  = true                                      {product} {ergonomic}
     bool UseLargePagesIndividualAllocation        = false                                  {pd product} {ergonomic}

Logging:
Log output configuration:
 #0: stdout all=warning uptime,level,tags foldmultilines=false
 #1: stderr all=off uptime,level,tags foldmultilines=false

Environment Variables:
JAVA_HOME=C:\Program Files\Java\jdk-21
PATH=C:\Program Files\Common Files\Oracle\Java\javapath;C:\Python312\Scripts\;C:\Python312\;C:\WINDOWS\system32;C:\WINDOWS;C:\WINDOWS\System32\Wbem;C:\WINDOWS\System32\WindowsPowerShell\v1.0\;C:\WINDOWS\System32\OpenSSH\;C:\Program Files\CodeBlocks\MinGW\bin;C:\Program Files\Git\cmd;C:\xampp\php;C:\ProgramData\ComposerSetup\bin;C:\Program Files\nodejs\;C:\ProgramData\chocolatey\bin;C:\Program Files\PuTTY\;C:\Program Files\Java\jdk-21\bin;C:\Users\Wibowo\AppData\Local\Programs\Python\Python311\Scripts\;C:\Users\Wibowo\AppData\Local\Programs\Python\Python311\;C:\Users\Wibowo\AppData\Local\Microsoft\WindowsApps;C:\Users\Wibowo\AppData\Local\Programs\Microsoft VS Code\bin;C:\Users\Wibowo\AppData\Roaming\Composer\vendor\bin;C:\Users\Wibowo\OneDrive\Dokumen\Flutter\bin;C:\Program Files\7-Zip;C:\Users\Wibowo\AppData\Roaming\npm;
USERNAME=Wibowo
OS=Windows_NT
PROCESSOR_IDENTIFIER=AMD64 Family 23 Model 104 Stepping 1, AuthenticAMD
TMP=C:\Users\Wibowo\AppData\Local\Temp
TEMP=C:\Users\Wibowo\AppData\Local\Temp




Periodic native trim disabled

---------------  S Y S T E M  ---------------

OS:
 Windows 11 , 64 bit Build 22621 (10.0.22621.3374)
OS uptime: 3 days 8:15 hours
Hyper-V role detected

CPU: total 12 (initial active 12) (12 cores per cpu, 2 threads per core) family 23 model 104 stepping 1 microcode 0x0, cx8, cmov, fxsr, ht, mmx, 3dnowpref, sse, sse2, sse3, ssse3, sse4a, sse4.1, sse4.2, popcnt, lzcnt, tsc, tscinvbit, avx, avx2, aes, clmul, bmi1, bmi2, adx, sha, fma, vzeroupper, clflush, clflushopt, hv, rdtscp, rdpid, f16c
Processor Information for processor 0
  Max Mhz: 2100, Current Mhz: 2100, Mhz Limit: 2100
Processor Information for processor 1
  Max Mhz: 2100, Current Mhz: 2100, Mhz Limit: 2100
Processor Information for processor 2
  Max Mhz: 2100, Current Mhz: 2100, Mhz Limit: 2100
Processor Information for processor 3
  Max Mhz: 2100, Current Mhz: 2100, Mhz Limit: 2100
Processor Information for processor 4
  Max Mhz: 2100, Current Mhz: 1988, Mhz Limit: 2100
Processor Information for processor 5
  Max Mhz: 2100, Current Mhz: 2100, Mhz Limit: 2100
Processor Information for processor 6
  Max Mhz: 2100, Current Mhz: 2100, Mhz Limit: 2100
Processor Information for processor 7
  Max Mhz: 2100, Current Mhz: 1988, Mhz Limit: 2100
Processor Information for processor 8
  Max Mhz: 2100, Current Mhz: 2100, Mhz Limit: 2100
Processor Information for processor 9
  Max Mhz: 2100, Current Mhz: 1988, Mhz Limit: 2100
Processor Information for processor 10
  Max Mhz: 2100, Current Mhz: 2100, Mhz Limit: 2100
Processor Information for processor 11
  Max Mhz: 2100, Current Mhz: 1988, Mhz Limit: 2100

Memory: 4k page, system-wide physical 6005M (763M free)
TotalPageFile size 24437M (AvailPageFile size 465M)
current process WorkingSet (physical memory assigned to process): 37M, peak: 37M
current process commit charge ("private bytes"): 179M, peak: 179M

vm_info: Java HotSpot(TM) 64-Bit Server VM (21.0.2+13-LTS-58) for windows-amd64 JRE (21.0.2+13-LTS-58), built on 2024-01-05T18:32:24Z by "mach5one" with MS VC++ 17.1 (VS2022)

END.
